<?xml version="1.0" encoding="UTF-8"?>
<testsuite name="app.easepod.plugins.SignedPluginIndexTest" tests="3" skipped="0" failures="0" errors="0" timestamp="2026-09-08T15:59:10" hostname="localhost" time="19.92">
  <properties/>
  <testcase name="requiresExactArtifactIdentityAndHonorsRevocations" classname="app.easepod.plugins.SignedPluginIndexTest" time="19.266"/>
  <testcase name="acceptsTrustedSignatureAndRejectsReplayAcrossInstances" classname="app.easepod.plugins.SignedPluginIndexTest" time="0.437"/>
  <testcase name="rejectsUnknownKeyTamperingAndExpiredIndex" classname="app.easepod.plugins.SignedPluginIndexTest" time="0.216"/>
  <system-out><![CDATA[]]></system-out>
  <system-err><![CDATA[]]></system-err>
</testsuite>
