<?xml version="1.0" encoding="UTF-8"?>
<testsuite name="app.easepod.plugins.CloudWireContractTest" tests="5" skipped="0" failures="0" errors="0" timestamp="2026-09-08T15:58:57" hostname="localhost" time="4.327">
  <properties/>
  <testcase name="libraryResponseRoundTripKeepsAllOptionalRecordsBounded" classname="app.easepod.plugins.CloudWireContractTest" time="1.46"/>
  <testcase name="oldRequestFramesStillDecodeWithoutAMutationTail" classname="app.easepod.plugins.CloudWireContractTest" time="0.504"/>
  <testcase name="preferencesRestorePendingReceiptsAcrossRepositoryInstances" classname="app.easepod.plugins.CloudWireContractTest" time="1.369"/>
  <testcase name="editsRequireRevisionAndEntryIdsInsteadOfAmbiguousSongPositions" classname="app.easepod.plugins.CloudWireContractTest" time="0.508"/>
  <testcase name="mutationRoundTripRetainsRevisionAndDuplicatePositionIdentity" classname="app.easepod.plugins.CloudWireContractTest" time="0.478"/>
  <system-out><![CDATA[]]></system-out>
  <system-err><![CDATA[]]></system-err>
</testsuite>
