<?xml version="1.0" encoding="UTF-8"?>
<testsuite name="app.easepod.PendingExportTest" tests="10" skipped="0" failures="0" errors="0" timestamp="2026-09-08T16:05:27" hostname="localhost" time="0.248">
  <properties/>
  <testcase name="detachedInstallReachesReplacementHostExactlyOnce" classname="app.easepod.PendingExportTest" time="0.08"/>
  <testcase name="clearErasesPickerAndQueuedBytesAndRemovesPendingDelivery" classname="app.easepod.PendingExportTest" time="0.1"/>
  <testcase name="attachedEffectsAreImmediateAndDetachStopsUsingTheOldHost" classname="app.easepod.PendingExportTest" time="0.006"/>
  <testcase name="queuedInstallReplacingExportErasesExportBytes" classname="app.easepod.PendingExportTest" time="0.003"/>
  <testcase name="staleExportIsErasedAndCannotReplayAfterAnotherAttachment" classname="app.easepod.PendingExportTest" time="0.005"/>
  <testcase name="detachedExportReachesReplacementHostOnceForItsGeneration" classname="app.easepod.PendingExportTest" time="0.016"/>
  <testcase name="viewModelRemovalErasesPendingDataAndDetachesTheHost" classname="app.easepod.PendingExportTest" time="0.013"/>
  <testcase name="replacingQueuedExportErasesOnlyThePreviousPayload" classname="app.easepod.PendingExportTest" time="0.003"/>
  <testcase name="staleOrClearedInstallNeverReplays" classname="app.easepod.PendingExportTest" time="0.005"/>
  <testcase name="detachedNonExportEffectsAreNotReplayedOrAllowedToReplaceAnExport" classname="app.easepod.PendingExportTest" time="0.007"/>
  <system-out><![CDATA[]]></system-out>
  <system-err><![CDATA[]]></system-err>
</testsuite>
