<?xml version="1.0" encoding="UTF-8"?>
<testsuite name="app.easepod.plugins.BundledHostTrustTest" tests="2" skipped="0" failures="0" errors="0" timestamp="2026-09-08T15:58:35" hostname="localhost" time="20.422">
  <properties/>
  <testcase name="externalServiceStillRequiresExplicitHostApprovalForTheSameUid" classname="app.easepod.plugins.BundledHostTrustTest" time="19.661"/>
  <testcase name="bundledServiceAcceptsOnlyItsOwnPackageAndUid" classname="app.easepod.plugins.BundledHostTrustTest" time="0.758"/>
  <system-out><![CDATA[]]></system-out>
  <system-err><![CDATA[]]></system-err>
</testsuite>
