<?xml version="1.0" encoding="UTF-8"?>
<testsuite name="app.easepod.plugins.PluginContractTest" tests="10" skipped="0" failures="0" errors="0" timestamp="2026-09-08T15:59:06" hostname="localhost" time="4.191">
  <properties/>
  <testcase name="malformedFrameIsRejected" classname="app.easepod.plugins.PluginContractTest" time="0.438"/>
  <testcase name="mediaPolicyRejectsLocalAndUnregisteredAddresses" classname="app.easepod.plugins.PluginContractTest" time="0.524"/>
  <testcase name="mediaIdentityKeepsFieldBoundariesAndNamespaces" classname="app.easepod.plugins.PluginContractTest" time="0.285"/>
  <testcase name="qualityPreferenceRequiresNegotiatedCapabilityAndOldPluginsKeepStandard" classname="app.easepod.plugins.PluginContractTest" time="0.358"/>
  <testcase name="framedRecordSkipsFutureOptionalFields" classname="app.easepod.plugins.PluginContractTest" time="0.451"/>
  <testcase name="playbackReaderAcceptsOldFrameWithoutConsumingFollowingRecord" classname="app.easepod.plugins.PluginContractTest" time="0.228"/>
  <testcase name="oversizedPayloadIsRejectedBeforeBinder" classname="app.easepod.plugins.PluginContractTest" time="0.936"/>
  <testcase name="catalogSeparatesSongsAndContainersWithoutLosingRepeatedPositions" classname="app.easepod.plugins.PluginContractTest" time="0.29"/>
  <testcase name="oversizedPageIsRejectedOnReceive" classname="app.easepod.plugins.PluginContractTest" time="0.299"/>
  <testcase name="playbackIntegrityMetadataRoundTripsInsideEnvelope" classname="app.easepod.plugins.PluginContractTest" time="0.36"/>
  <system-out><![CDATA[]]></system-out>
  <system-err><![CDATA[]]></system-err>
</testsuite>
