<?xml version="1.0" encoding="UTF-8"?>
<testsuite name="app.easepod.data.LibraryRepositoryTest" tests="28" skipped="0" failures="0" errors="0" timestamp="2026-09-08T11:41:30" hostname="localhost" time="45.018">
  <properties/>
  <testcase name="interruptedScanCandidatesAreRemovedOnStartup" classname="app.easepod.data.LibraryRepositoryTest" time="2.038"/>
  <testcase name="failedCandidateValidationReleasesOnlyItsNewGrant" classname="app.easepod.data.LibraryRepositoryTest" time="0.554"/>
  <testcase name="deviceLockBeforePublicationCommitPreservesOriginalLibraryAndReview" classname="app.easepod.data.LibraryRepositoryTest" time="0.707"/>
  <testcase name="historyRetentionUsesEventIdentityAndStableInsertionOrderForEqualTimes" classname="app.easepod.data.LibraryRepositoryTest" time="1.055"/>
  <testcase name="deviceLockBeforeCommitCancelsBothImportedDataAndSettingsJournal" classname="app.easepod.data.LibraryRepositoryTest" time="3.043"/>
  <testcase name="permissionRevokedBeforePublicationCommitRollsBackAndMarksOriginalRootUnavailable" classname="app.easepod.data.LibraryRepositoryTest" time="0.547"/>
  <testcase name="cancelledCandidateReleasesItsGrantButKeepsActiveAndUnrelatedGrants" classname="app.easepod.data.LibraryRepositoryTest" time="0.374"/>
  <testcase name="cloudTracksCanBeRememberedWithoutReplacingLocalRows" classname="app.easepod.data.LibraryRepositoryTest" time="0.415"/>
  <testcase name="permissionLossRetainsQueuePlaylistAndRootForRelinking" classname="app.easepod.data.LibraryRepositoryTest" time="0.598"/>
  <testcase name="playlistReorderingPreservesDuplicatesAndForeignKeys" classname="app.easepod.data.LibraryRepositoryTest" time="0.588"/>
  <testcase name="relinkingRejectsUnavailableTargetOrRevokedPermissionWithoutChangingReferences" classname="app.easepod.data.LibraryRepositoryTest" time="0.382"/>
  <testcase name="cloudHashIdentifiersRoundTripInBackupsWithoutDuplicatingExistingSources" classname="app.easepod.data.LibraryRepositoryTest" time="6.465"/>
  <testcase name="relinkingUnavailableLocalTrackPreservesPlaylistEntriesAndQueueSnapshot" classname="app.easepod.data.LibraryRepositoryTest" time="1.118"/>
  <testcase name="incompleteProviderResultsAndTransientReadFailurePreservePublishedLibrary" classname="app.easepod.data.LibraryRepositoryTest" time="1.221"/>
  <testcase name="emptySidecarFallsBackToEmbeddedLyricsAndStopsAtId3Tag" classname="app.easepod.data.LibraryRepositoryTest" time="0.713"/>
  <testcase name="successfulPublicationPreservesUnavailablePlaylistReferences" classname="app.easepod.data.LibraryRepositoryTest" time="0.7"/>
  <testcase name="failedRoomImportRollsBackEveryInsertedRecord" classname="app.easepod.data.LibraryRepositoryTest" time="7.567"/>
  <testcase name="localLyricsUseSiblingFileAndRespectRevokedPermission" classname="app.easepod.data.LibraryRepositoryTest" time="0.576"/>
  <testcase name="creatingPlaylistWithInitialTracksIsAtomicAndRetainsDuplicateEntries" classname="app.easepod.data.LibraryRepositoryTest" time="0.489"/>
  <testcase name="lyricsSidecarsDoNotMakeAnEmptyScanPartiallySuccessful" classname="app.easepod.data.LibraryRepositoryTest" time="0.846"/>
  <testcase name="repeatedHistoryRetainsEachSnapshotAndRemovalPreservesQueuePlaylistAndTrack" classname="app.easepod.data.LibraryRepositoryTest" time="1.597"/>
  <testcase name="supersedingAnInFlightScanCannotOverwriteNewReview" classname="app.easepod.data.LibraryRepositoryTest" time="0.625"/>
  <testcase name="queueRestorationClampsPositionAndRetainsRepeatedTracks" classname="app.easepod.data.LibraryRepositoryTest" time="0.88"/>
  <testcase name="encryptedBackupOmitsSafIdentityAndImportIsIdempotent" classname="app.easepod.data.LibraryRepositoryTest" time="5.633"/>
  <testcase name="failedPublicationRollsBackTrackAvailabilityAndActiveScan" classname="app.easepod.data.LibraryRepositoryTest" time="0.357"/>
  <testcase name="corruptBackupAndInvalidRelationshipsDoNotModifyLibrary" classname="app.easepod.data.LibraryRepositoryTest" time="5.549"/>
  <testcase name="releasedRootWaitsUntilPlayerNoLongerRetainsItsTrack" classname="app.easepod.data.LibraryRepositoryTest" time="0.131"/>
  <testcase name="scanPreviewAndCancellationKeepPublishedRootAndTracks" classname="app.easepod.data.LibraryRepositoryTest" time="0.204"/>
  <system-out><![CDATA[]]></system-out>
  <system-err><![CDATA[]]></system-err>
</testsuite>
