<?xml version="1.0" encoding="UTF-8"?>
<testsuite name="app.easepod.data.EmbeddedLyricsTest" tests="6" skipped="0" failures="0" errors="0" timestamp="2026-09-08T11:41:14" hostname="localhost" time="2.684">
  <properties/>
  <testcase name="cancellationInterruptsMetadataReads" classname="app.easepod.data.EmbeddedLyricsTest" time="0.379"/>
  <testcase name="id3StopsAfterItsTagAndRejectsMalformedOrExcessiveLengths" classname="app.easepod.data.EmbeddedLyricsTest" time="0.734"/>
  <testcase name="synchronizedId3LyricsUseMillisecondsAndRejectFrameTimestamps" classname="app.easepod.data.EmbeddedLyricsTest" time="0.476"/>
  <testcase name="id3UnsynchronizedLyricsHonorUtf16DescriptionAndByteOrder" classname="app.easepod.data.EmbeddedLyricsTest" time="0.143"/>
  <testcase name="vorbisReadsKnownKeysAndIgnoresOrdinaryCommentsAndEmptyLyrics" classname="app.easepod.data.EmbeddedLyricsTest" time="0.318"/>
  <testcase name="readsRealMp3FlacAndOggWithoutDecodingTheirAudio" classname="app.easepod.data.EmbeddedLyricsTest" time="0.626"/>
  <system-out><![CDATA[]]></system-out>
  <system-err><![CDATA[]]></system-err>
</testsuite>
