<?xml version="1.0" encoding="UTF-8"?>
<testsuite name="app.easepod.plugins.PendingInstallStoreTest" tests="8" skipped="0" failures="0" errors="0" timestamp="2026-09-08T11:41:15" hostname="localhost" time="3.047">
  <properties/>
  <testcase name="malformedReceiptIsDiscardedWithoutUsingItsFilePath" classname="app.easepod.plugins.PendingInstallStoreTest" time="0.582"/>
  <testcase name="themeReceiptsGainAnIdentityAndHashButNeverClaimAnApkInstallResult" classname="app.easepod.plugins.PendingInstallStoreTest" time="0.776"/>
  <testcase name="staleCallbacksCannotAdvanceOrDeleteANewerCandidate" classname="app.easepod.plugins.PendingInstallStoreTest" time="0.327"/>
  <testcase name="missingCacheOnlyRestoresAnExactlyMatchingInstalledPackage" classname="app.easepod.plugins.PendingInstallStoreTest" time="0.211"/>
  <testcase name="receiptSurvivesRecreationWithAnExplicitStageAndNoBackupLocation" classname="app.easepod.plugins.PendingInstallStoreTest" time="0.38"/>
  <testcase name="pathEscapeAndSymlinkAreRejectedWithoutDeletingTheirTargets" classname="app.easepod.plugins.PendingInstallStoreTest" time="0.275"/>
  <testcase name="changedBytesAndChangedParsedIdentityInvalidateTheReceipt" classname="app.easepod.plugins.PendingInstallStoreTest" time="0.207"/>
  <testcase name="declaredChecksumMismatchDoesNotCreateAReceipt" classname="app.easepod.plugins.PendingInstallStoreTest" time="0.279"/>
  <system-out><![CDATA[]]></system-out>
  <system-err><![CDATA[]]></system-err>
</testsuite>
