<?xml version="1.0" encoding="UTF-8"?>
<testsuite name="app.easepod.data.SettingsFormatTest" tests="4" skipped="0" failures="0" errors="0" timestamp="2026-09-08T11:42:15" hostname="localhost" time="0.146">
  <properties/>
  <testcase name="unrecognizedStoredQualityFallsBackToStandard" classname="app.easepod.data.SettingsFormatTest" time="0.104"/>
  <testcase name="requestedQualityRoundTripsWithoutChangingOtherPreferences" classname="app.easepod.data.SettingsFormatTest" time="0.04"/>
  <testcase name="legacySettingsKeepExistingValuesAndUseStandardQuality" classname="app.easepod.data.SettingsFormatTest" time="0.001"/>
  <testcase name="fullScreenRoundTripsWithoutChangingOtherPreferences" classname="app.easepod.data.SettingsFormatTest" time="0.001"/>
  <system-out><![CDATA[]]></system-out>
  <system-err><![CDATA[]]></system-err>
</testsuite>
