<?xml version="1.0" encoding="UTF-8"?>
<testsuite name="app.easepod.plugins.PluginContractTest" tests="10" skipped="0" failures="0" errors="0" timestamp="2026-09-08T14:48:02" hostname="localhost" time="7.342">
  <properties/>
  <testcase name="malformedFrameIsRejected" classname="app.easepod.plugins.PluginContractTest" time="1.122"/>
  <testcase name="mediaPolicyRejectsLocalAndUnregisteredAddresses" classname="app.easepod.plugins.PluginContractTest" time="0.669"/>
  <testcase name="mediaIdentityKeepsFieldBoundariesAndNamespaces" classname="app.easepod.plugins.PluginContractTest" time="0.408"/>
  <testcase name="qualityPreferenceRequiresNegotiatedCapabilityAndOldPluginsKeepStandard" classname="app.easepod.plugins.PluginContractTest" time="0.588"/>
  <testcase name="framedRecordSkipsFutureOptionalFields" classname="app.easepod.plugins.PluginContractTest" time="0.492"/>
  <testcase name="playbackReaderAcceptsOldFrameWithoutConsumingFollowingRecord" classname="app.easepod.plugins.PluginContractTest" time="0.664"/>
  <testcase name="oversizedPayloadIsRejectedBeforeBinder" classname="app.easepod.plugins.PluginContractTest" time="1.657"/>
  <testcase name="catalogSeparatesSongsAndContainersWithoutLosingRepeatedPositions" classname="app.easepod.plugins.PluginContractTest" time="0.608"/>
  <testcase name="oversizedPageIsRejectedOnReceive" classname="app.easepod.plugins.PluginContractTest" time="0.601"/>
  <testcase name="playbackIntegrityMetadataRoundTripsInsideEnvelope" classname="app.easepod.plugins.PluginContractTest" time="0.523"/>
  <system-out><![CDATA[]]></system-out>
  <system-err><![CDATA[]]></system-err>
</testsuite>
