<?xml version="1.0" encoding="UTF-8"?>
<testsuite name="app.easepod.netease.NeteaseCryptoTest" tests="3" skipped="0" failures="0" errors="0" timestamp="2026-09-08T14:39:29" hostname="localhost" time="1.747">
  <properties/>
  <testcase name="productionWeapiUsesANewSecretForEachRequest" classname="app.easepod.netease.NeteaseCryptoTest" time="1.646"/>
  <testcase name="eapiMatchesIndependentSignatureAndCipherVector" classname="app.easepod.netease.NeteaseCryptoTest" time="0.039"/>
  <testcase name="weapiMatchesIndependentAesAndRsaVector" classname="app.easepod.netease.NeteaseCryptoTest" time="0.052"/>
  <system-out><![CDATA[]]></system-out>
  <system-err><![CDATA[]]></system-err>
</testsuite>
