<?xml version="1.0" encoding="UTF-8"?>
<testsuite name="app.easepod.StartupCrashPolicyTest" tests="6" skipped="0" failures="0" errors="0" timestamp="2026-09-08T14:49:24" hostname="localhost" time="0.057">
  <properties/>
  <testcase name="twoConfirmedStartupCrashesTriggerRecovery" classname="app.easepod.StartupCrashPolicyTest" time="0.026"/>
  <testcase name="androidConfirmsNativeCrashWithoutJavaHandler" classname="app.easepod.StartupCrashPolicyTest" time="0.008"/>
  <testcase name="crashesAfterAStableScreenAreNotStartupCrashes" classname="app.easepod.StartupCrashPolicyTest" time="0.001"/>
  <testcase name="recordedCrashAndAndroidExitOnlyCountOnce" classname="app.easepod.StartupCrashPolicyTest" time="0.007"/>
  <testcase name="unrelatedProcessAndOldCrashesDoNotCount" classname="app.easepod.StartupCrashPolicyTest" time="0.0"/>
  <testcase name="processKillsAndMissingExitHistoryBreakTheStreak" classname="app.easepod.StartupCrashPolicyTest" time="0.01"/>
  <system-out><![CDATA[]]></system-out>
  <system-err><![CDATA[]]></system-err>
</testsuite>
