<?xml version="1.0" encoding="UTF-8"?>
<testsuite name="app.easepod.plugins.PendingInstallStoreTest" tests="8" skipped="0" failures="0" errors="0" timestamp="2026-09-08T14:47:54" hostname="localhost" time="7.659">
  <properties/>
  <testcase name="malformedReceiptIsDiscardedWithoutUsingItsFilePath" classname="app.easepod.plugins.PendingInstallStoreTest" time="1.172"/>
  <testcase name="themeReceiptsGainAnIdentityAndHashButNeverClaimAnApkInstallResult" classname="app.easepod.plugins.PendingInstallStoreTest" time="1.222"/>
  <testcase name="staleCallbacksCannotAdvanceOrDeleteANewerCandidate" classname="app.easepod.plugins.PendingInstallStoreTest" time="0.847"/>
  <testcase name="missingCacheOnlyRestoresAnExactlyMatchingInstalledPackage" classname="app.easepod.plugins.PendingInstallStoreTest" time="1.124"/>
  <testcase name="receiptSurvivesRecreationWithAnExplicitStageAndNoBackupLocation" classname="app.easepod.plugins.PendingInstallStoreTest" time="0.893"/>
  <testcase name="pathEscapeAndSymlinkAreRejectedWithoutDeletingTheirTargets" classname="app.easepod.plugins.PendingInstallStoreTest" time="0.479"/>
  <testcase name="changedBytesAndChangedParsedIdentityInvalidateTheReceipt" classname="app.easepod.plugins.PendingInstallStoreTest" time="0.632"/>
  <testcase name="declaredChecksumMismatchDoesNotCreateAReceipt" classname="app.easepod.plugins.PendingInstallStoreTest" time="1.277"/>
  <system-out><![CDATA[]]></system-out>
  <system-err><![CDATA[]]></system-err>
</testsuite>
