<?xml version="1.0" encoding="UTF-8"?>
<testsuite name="app.easepod.netease.NeteaseCookiesTest" tests="3" skipped="0" failures="0" errors="0" timestamp="2026-09-08T14:39:29" hostname="localhost" time="0.075">
  <properties/>
  <testcase name="replacementsExpiryAndDeletionUseTheCookieIdentity" classname="app.easepod.netease.NeteaseCookiesTest" time="0.02"/>
  <testcase name="domainPathSecureAndHostOnlyRulesArePreserved" classname="app.easepod.netease.NeteaseCookiesTest" time="0.031"/>
  <testcase name="unrelatedResponseDomainsAreRejectedAndPersistedCopiesAreIndependent" classname="app.easepod.netease.NeteaseCookiesTest" time="0.018"/>
  <system-out><![CDATA[]]></system-out>
  <system-err><![CDATA[]]></system-err>
</testsuite>
