<?xml version="1.0" encoding="UTF-8"?>
<testsuite name="app.easepod.plugins.BundledHostTrustTest" tests="2" skipped="0" failures="0" errors="0" timestamp="2026-09-08T14:46:39" hostname="localhost" time="63.298">
  <properties/>
  <testcase name="externalServiceStillRequiresExplicitHostApprovalForTheSameUid" classname="app.easepod.plugins.BundledHostTrustTest" time="61.695"/>
  <testcase name="bundledServiceAcceptsOnlyItsOwnPackageAndUid" classname="app.easepod.plugins.BundledHostTrustTest" time="1.584"/>
  <system-out><![CDATA[]]></system-out>
  <system-err><![CDATA[]]></system-err>
</testsuite>
