<?xml version="1.0" encoding="UTF-8"?>
<testsuite name="app.easepod.netease.NeteaseFavoritesTest" tests="11" skipped="0" failures="0" errors="0" timestamp="2026-09-08T14:39:31" hostname="localhost" time="0.319">
  <properties/>
  <testcase name="concurrentCommandsForTheSameDesiredStateSendOnlyOneWrite" classname="app.easepod.netease.NeteaseFavoritesTest" time="0.052"/>
  <testcase name="writeIsSentOnceAndOnlyConfirmedByReadback" classname="app.easepod.netease.NeteaseFavoritesTest" time="0.012"/>
  <testcase name="desiredStateIsIdempotentForBothFavoriteAndUnfavorite" classname="app.easepod.netease.NeteaseFavoritesTest" time="0.012"/>
  <testcase name="invalidCommandsAndPublicAccountsNeverReachTheApi" classname="app.easepod.netease.NeteaseFavoritesTest" time="0.019"/>
  <testcase name="mismatchingOrFailedReadbackProducesUnknownWithoutASecondWrite" classname="app.easepod.netease.NeteaseFavoritesTest" time="0.031"/>
  <testcase name="failureBeforeWriteDoesNotSendAnyMutation" classname="app.easepod.netease.NeteaseFavoritesTest" time="0.049"/>
  <testcase name="accountExitAfterWriteReturnsUnknownAndDoesNotReadOrWriteAgain" classname="app.easepod.netease.NeteaseFavoritesTest" time="0.017"/>
  <testcase name="cancellationDuringWritePropagatesWithoutRetry" classname="app.easepod.netease.NeteaseFavoritesTest" time="0.017"/>
  <testcase name="lostWriteResponseProducesUnknownWithoutRetrying" classname="app.easepod.netease.NeteaseFavoritesTest" time="0.025"/>
  <testcase name="accountExitBeforeWriteStopsTheMutation" classname="app.easepod.netease.NeteaseFavoritesTest" time="0.032"/>
  <testcase name="readReturnsProviderStateWithoutWriting" classname="app.easepod.netease.NeteaseFavoritesTest" time="0.035"/>
  <system-out><![CDATA[]]></system-out>
  <system-err><![CDATA[]]></system-err>
</testsuite>
