<?xml version="1.0" encoding="UTF-8"?>
<testsuite name="app.easepod.netease.NeteaseHttpTest" tests="8" skipped="0" failures="0" errors="0" timestamp="2026-09-08T15:28:54" hostname="localhost" time="0.472">
  <properties/>
  <testcase name="bothModesStayOnTheirHttpsHostsAndKeepInputUnchanged" classname="app.easepod.netease.NeteaseHttpTest" time="0.154"/>
  <testcase name="invalidPathsAndOversizedRequestsNeverReachTheTransport" classname="app.easepod.netease.NeteaseHttpTest" time="0.082"/>
  <testcase name="statusAndNetworkFailuresStayDistinctAndNeverExposeServerText" classname="app.easepod.netease.NeteaseHttpTest" time="0.072"/>
  <testcase name="malformedJsonTrailingContentAndInvalidUtf8AreRejected" classname="app.easepod.netease.NeteaseHttpTest" time="0.027"/>
  <testcase name="declaredAndStreamingOversizedBodiesAreClosedAndRejected" classname="app.easepod.netease.NeteaseHttpTest" time="0.037"/>
  <testcase name="coroutineCancellationCancelsTheUnderlyingCall" classname="app.easepod.netease.NeteaseHttpTest" time="0.043"/>
  <testcase name="eapiIncludesOnlyCookiesMatchingItsOriginAndDisablesEncryptedResponses" classname="app.easepod.netease.NeteaseHttpTest" time="0.012"/>
  <testcase name="qrAndOtherBusinessCodesRemainAvailableToTheCaller" classname="app.easepod.netease.NeteaseHttpTest" time="0.042"/>
  <system-out><![CDATA[]]></system-out>
  <system-err><![CDATA[]]></system-err>
</testsuite>
