<?xml version="1.0" encoding="UTF-8"?>
<testsuite name="app.easepod.netease.NeteaseHttpNetworkTest" tests="3" skipped="0" failures="0" errors="0" timestamp="2026-09-08T15:28:50" hostname="localhost" time="3.069">
  <properties/>
  <testcase name="emptyAccountJarSendsTheSameEapiHeaderInTheActualHttpCookieWithoutPersistingIt" classname="app.easepod.netease.NeteaseHttpNetworkTest" time="2.453"/>
  <testcase name="weapiKeepsItsNormalCookieJarWithoutEapiMetadata" classname="app.easepod.netease.NeteaseHttpNetworkTest" time="0.341"/>
  <testcase name="eapiCookiesKeepAccountScopeAndSaveOnlyValidResponseCookies" classname="app.easepod.netease.NeteaseHttpNetworkTest" time="0.275"/>
  <system-out><![CDATA[]]></system-out>
  <system-err><![CDATA[]]></system-err>
</testsuite>
