<?xml version="1.0" encoding="UTF-8"?>
<testsuite name="app.easepod.netease.NeteaseCookiesTest" tests="3" skipped="0" failures="0" errors="0" timestamp="2026-09-08T15:28:54" hostname="localhost" time="0.01">
  <properties/>
  <testcase name="replacementsExpiryAndDeletionUseTheCookieIdentity" classname="app.easepod.netease.NeteaseCookiesTest" time="0.003"/>
  <testcase name="domainPathSecureAndHostOnlyRulesArePreserved" classname="app.easepod.netease.NeteaseCookiesTest" time="0.005"/>
  <testcase name="unrelatedResponseDomainsAreRejectedAndPersistedCopiesAreIndependent" classname="app.easepod.netease.NeteaseCookiesTest" time="0.001"/>
  <system-out><![CDATA[]]></system-out>
  <system-err><![CDATA[]]></system-err>
</testsuite>
